<?xml version="1.0" encoding="UTF-8"?>
<!-- Generated by org.testng.reporters.JUnitReportReporter -->
<testsuite hostname="Zixiang" failures="0" tests="3" name="com.android.automation.test1.SwiggyAppTest" time="99.149" errors="0" timestamp="2022-03-26T23:37:13 SGT" skipped="0">
  <testcase classname="com.android.automation.test1.SwiggyAppTest" name="Checkbox_Radio__Adding_Item_tc1" time="65.930"/>
  <system-out/>
  <testcase classname="com.android.automation.test1.SwiggyAppTest" name="Signup_Invalid_phone_number_tc2" time="12.784"/>
  <system-out/>
  <testcase classname="com.android.automation.test1.SwiggyAppTest" name="LocateMe_InvalidLocation_tc3" time="20.435"/>
  <system-out/>
</testsuite> <!-- com.android.automation.test1.SwiggyAppTest -->
